2014-05-17 02:15:20,573 /Library/Frameworks/Python.framework/Versions/2.7/lib/python2.7/site-packages/psiturk/psiturk_js/psiturk.js
2014-05-17 02:15:20,670 /Library/Frameworks/Python.framework/Versions/2.7/lib/python2.7/site-packages/psiturk/psiturk_js/psiturk.js
2014-05-17 02:15:20,730 /Library/Frameworks/Python.framework/Versions/2.7/lib/python2.7/site-packages/psiturk/psiturk_js/psiturk.js
2014-05-17 02:15:20,807 /Library/Frameworks/Python.framework/Versions/2.7/lib/python2.7/site-packages/psiturk/psiturk_js/psiturk.js
2014-05-17 02:15:20,869 /Library/Frameworks/Python.framework/Versions/2.7/lib/python2.7/site-packages/psiturk/psiturk_js/psiturk.js
2014-05-17 02:15:20,897 /Library/Frameworks/Python.framework/Versions/2.7/lib/python2.7/site-packages/psiturk/psiturk_js/psiturk.js
2014-05-17 02:15:20,909 /Library/Frameworks/Python.framework/Versions/2.7/lib/python2.7/site-packages/psiturk/psiturk_js/psiturk.js
2014-05-17 02:15:20,921 /Library/Frameworks/Python.framework/Versions/2.7/lib/python2.7/site-packages/psiturk/psiturk_js/psiturk.js
2014-05-17 02:15:20,926 /Library/Frameworks/Python.framework/Versions/2.7/lib/python2.7/site-packages/psiturk/psiturk_js/psiturk.js
2014-05-18 05:20:31,055 /Library/Frameworks/Python.framework/Versions/2.7/lib/python2.7/site-packages/psiturk/psiturk_js/psiturk.js
2014-05-18 05:20:31,057 /Library/Frameworks/Python.framework/Versions/2.7/lib/python2.7/site-packages/psiturk/psiturk_js/psiturk.js
2014-05-18 05:20:31,273 /Library/Frameworks/Python.framework/Versions/2.7/lib/python2.7/site-packages/psiturk/psiturk_js/psiturk.js
2014-05-18 05:20:31,366 /Library/Frameworks/Python.framework/Versions/2.7/lib/python2.7/site-packages/psiturk/psiturk_js/psiturk.js
2014-05-18 05:20:31,428 /Library/Frameworks/Python.framework/Versions/2.7/lib/python2.7/site-packages/psiturk/psiturk_js/psiturk.js
2014-05-18 05:20:31,481 /Library/Frameworks/Python.framework/Versions/2.7/lib/python2.7/site-packages/psiturk/psiturk_js/psiturk.js
2014-05-18 05:20:31,509 /Library/Frameworks/Python.framework/Versions/2.7/lib/python2.7/site-packages/psiturk/psiturk_js/psiturk.js
2014-05-18 05:20:31,514 /Library/Frameworks/Python.framework/Versions/2.7/lib/python2.7/site-packages/psiturk/psiturk_js/psiturk.js
2014-05-18 05:20:31,522 /Library/Frameworks/Python.framework/Versions/2.7/lib/python2.7/site-packages/psiturk/psiturk_js/psiturk.js
2014-05-18 05:23:01,330 Exception on /ad [GET]
Traceback (most recent call last):
  File "/Library/Frameworks/Python.framework/Versions/2.7/lib/python2.7/site-packages/flask/app.py", line 1817, in wsgi_app
    response = self.full_dispatch_request()
  File "/Library/Frameworks/Python.framework/Versions/2.7/lib/python2.7/site-packages/flask/app.py", line 1477, in full_dispatch_request
    rv = self.handle_user_exception(e)
  File "/Library/Frameworks/Python.framework/Versions/2.7/lib/python2.7/site-packages/flask/app.py", line 1381, in handle_user_exception
    reraise(exc_type, exc_value, tb)
  File "/Library/Frameworks/Python.framework/Versions/2.7/lib/python2.7/site-packages/flask/app.py", line 1475, in full_dispatch_request
    rv = self.dispatch_request()
  File "/Library/Frameworks/Python.framework/Versions/2.7/lib/python2.7/site-packages/flask/app.py", line 1461, in dispatch_request
    return self.view_functions[rule.endpoint](**req.view_args)
  File "/Library/Frameworks/Python.framework/Versions/2.7/lib/python2.7/site-packages/psiturk/user_utils.py", line 11, in new_func
    resp = make_response(f(*args, **kwargs))
  File "/Library/Frameworks/Python.framework/Versions/2.7/lib/python2.7/site-packages/psiturk/experiment.py", line 229, in advertisement
    filter(Participant.workerid == workerId).\
  File "/Library/Frameworks/Python.framework/Versions/2.7/lib/python2.7/site-packages/sqlalchemy/orm/query.py", line 2593, in count
    return self.from_self(col).scalar()
  File "/Library/Frameworks/Python.framework/Versions/2.7/lib/python2.7/site-packages/sqlalchemy/orm/query.py", line 2392, in scalar
    ret = self.one()
  File "/Library/Frameworks/Python.framework/Versions/2.7/lib/python2.7/site-packages/sqlalchemy/orm/query.py", line 2361, in one
    ret = list(self)
  File "/Library/Frameworks/Python.framework/Versions/2.7/lib/python2.7/site-packages/sqlalchemy/orm/query.py", line 2404, in __iter__
    return self._execute_and_instances(context)
  File "/Library/Frameworks/Python.framework/Versions/2.7/lib/python2.7/site-packages/sqlalchemy/orm/query.py", line 2417, in _execute_and_instances
    close_with_result=True)
  File "/Library/Frameworks/Python.framework/Versions/2.7/lib/python2.7/site-packages/sqlalchemy/orm/query.py", line 2408, in _connection_from_session
    **kw)
  File "/Library/Frameworks/Python.framework/Versions/2.7/lib/python2.7/site-packages/sqlalchemy/orm/session.py", line 843, in connection
    close_with_result=close_with_result)
  File "/Library/Frameworks/Python.framework/Versions/2.7/lib/python2.7/site-packages/sqlalchemy/orm/session.py", line 847, in _connection_for_bind
    return self.transaction._connection_for_bind(engine)
  File "/Library/Frameworks/Python.framework/Versions/2.7/lib/python2.7/site-packages/sqlalchemy/orm/session.py", line 315, in _connection_for_bind
    conn = bind.contextual_connect()
  File "/Library/Frameworks/Python.framework/Versions/2.7/lib/python2.7/site-packages/sqlalchemy/engine/base.py", line 1729, in contextual_connect
    self.pool.connect(),
  File "/Library/Frameworks/Python.framework/Versions/2.7/lib/python2.7/site-packages/sqlalchemy/pool.py", line 332, in connect
    return _ConnectionFairy._checkout(self)
  File "/Library/Frameworks/Python.framework/Versions/2.7/lib/python2.7/site-packages/sqlalchemy/pool.py", line 626, in _checkout
    fairy = _ConnectionRecord.checkout(pool)
  File "/Library/Frameworks/Python.framework/Versions/2.7/lib/python2.7/site-packages/sqlalchemy/pool.py", line 433, in checkout
    rec = pool._do_get()
  File "/Library/Frameworks/Python.framework/Versions/2.7/lib/python2.7/site-packages/sqlalchemy/pool.py", line 1038, in _do_get
    return self._create_connection()
  File "/Library/Frameworks/Python.framework/Versions/2.7/lib/python2.7/site-packages/sqlalchemy/pool.py", line 278, in _create_connection
    return _ConnectionRecord(self)
  File "/Library/Frameworks/Python.framework/Versions/2.7/lib/python2.7/site-packages/sqlalchemy/pool.py", line 404, in __init__
    self.connection = self.__connect()
  File "/Library/Frameworks/Python.framework/Versions/2.7/lib/python2.7/site-packages/sqlalchemy/pool.py", line 527, in __connect
    connection = self.__pool._creator()
  File "/Library/Frameworks/Python.framework/Versions/2.7/lib/python2.7/site-packages/sqlalchemy/engine/strategies.py", line 95, in connect
    connection_invalidated=invalidated
  File "/Library/Frameworks/Python.framework/Versions/2.7/lib/python2.7/site-packages/sqlalchemy/util/compat.py", line 185, in raise_from_cause
    reraise(type(exception), exception, tb=exc_tb)
  File "/Library/Frameworks/Python.framework/Versions/2.7/lib/python2.7/site-packages/sqlalchemy/engine/strategies.py", line 89, in connect
    return dialect.connect(*cargs, **cparams)
  File "/Library/Frameworks/Python.framework/Versions/2.7/lib/python2.7/site-packages/sqlalchemy/engine/default.py", line 376, in connect
    return self.dbapi.connect(*cargs, **cparams)
OperationalError: (OperationalError) unable to open database file None None
2014-05-18 05:24:21,987 /Library/Frameworks/Python.framework/Versions/2.7/lib/python2.7/site-packages/psiturk/psiturk_js/psiturk.js
2014-05-18 05:24:22,341 /Library/Frameworks/Python.framework/Versions/2.7/lib/python2.7/site-packages/psiturk/psiturk_js/psiturk.js
2014-05-18 05:24:22,517 /Library/Frameworks/Python.framework/Versions/2.7/lib/python2.7/site-packages/psiturk/psiturk_js/psiturk.js
2014-05-18 05:24:22,546 /Library/Frameworks/Python.framework/Versions/2.7/lib/python2.7/site-packages/psiturk/psiturk_js/psiturk.js
2014-05-18 05:24:22,557 /Library/Frameworks/Python.framework/Versions/2.7/lib/python2.7/site-packages/psiturk/psiturk_js/psiturk.js
2014-05-18 05:24:22,605 /Library/Frameworks/Python.framework/Versions/2.7/lib/python2.7/site-packages/psiturk/psiturk_js/psiturk.js
2014-05-18 05:24:22,625 /Library/Frameworks/Python.framework/Versions/2.7/lib/python2.7/site-packages/psiturk/psiturk_js/psiturk.js
2014-05-18 05:24:22,634 /Library/Frameworks/Python.framework/Versions/2.7/lib/python2.7/site-packages/psiturk/psiturk_js/psiturk.js
2014-05-18 05:24:22,644 /Library/Frameworks/Python.framework/Versions/2.7/lib/python2.7/site-packages/psiturk/psiturk_js/psiturk.js
2014-05-18 10:22:16,465 /Library/Frameworks/Python.framework/Versions/2.7/lib/python2.7/site-packages/psiturk/psiturk_js/psiturk.js
2014-05-18 10:22:16,485 /Library/Frameworks/Python.framework/Versions/2.7/lib/python2.7/site-packages/psiturk/psiturk_js/psiturk.js
2014-05-18 10:22:16,585 /Library/Frameworks/Python.framework/Versions/2.7/lib/python2.7/site-packages/psiturk/psiturk_js/psiturk.js
2014-05-18 10:22:16,665 /Library/Frameworks/Python.framework/Versions/2.7/lib/python2.7/site-packages/psiturk/psiturk_js/psiturk.js
2014-05-18 10:22:16,810 /Library/Frameworks/Python.framework/Versions/2.7/lib/python2.7/site-packages/psiturk/psiturk_js/psiturk.js
2014-05-18 10:22:16,891 /Library/Frameworks/Python.framework/Versions/2.7/lib/python2.7/site-packages/psiturk/psiturk_js/psiturk.js
2014-05-18 10:22:16,906 /Library/Frameworks/Python.framework/Versions/2.7/lib/python2.7/site-packages/psiturk/psiturk_js/psiturk.js
2014-05-18 10:22:16,931 /Library/Frameworks/Python.framework/Versions/2.7/lib/python2.7/site-packages/psiturk/psiturk_js/psiturk.js
2014-05-18 10:22:16,931 /Library/Frameworks/Python.framework/Versions/2.7/lib/python2.7/site-packages/psiturk/psiturk_js/psiturk.js
2014-05-18 10:36:03,827 /Library/Frameworks/Python.framework/Versions/2.7/lib/python2.7/site-packages/psiturk/psiturk_js/psiturk.js
2014-05-18 10:36:03,895 /Library/Frameworks/Python.framework/Versions/2.7/lib/python2.7/site-packages/psiturk/psiturk_js/psiturk.js
2014-05-18 10:36:04,021 /Library/Frameworks/Python.framework/Versions/2.7/lib/python2.7/site-packages/psiturk/psiturk_js/psiturk.js
2014-05-18 10:36:04,216 /Library/Frameworks/Python.framework/Versions/2.7/lib/python2.7/site-packages/psiturk/psiturk_js/psiturk.js
2014-05-18 10:36:04,261 /Library/Frameworks/Python.framework/Versions/2.7/lib/python2.7/site-packages/psiturk/psiturk_js/psiturk.js
2014-05-18 10:36:04,286 /Library/Frameworks/Python.framework/Versions/2.7/lib/python2.7/site-packages/psiturk/psiturk_js/psiturk.js
2014-05-18 10:36:04,300 /Library/Frameworks/Python.framework/Versions/2.7/lib/python2.7/site-packages/psiturk/psiturk_js/psiturk.js
2014-05-18 10:36:04,330 /Library/Frameworks/Python.framework/Versions/2.7/lib/python2.7/site-packages/psiturk/psiturk_js/psiturk.js
2014-05-18 10:36:04,331 /Library/Frameworks/Python.framework/Versions/2.7/lib/python2.7/site-packages/psiturk/psiturk_js/psiturk.js
2014-05-18 10:37:03,022 /Library/Frameworks/Python.framework/Versions/2.7/lib/python2.7/site-packages/psiturk/psiturk_js/psiturk.js
2014-05-18 10:37:03,032 /Library/Frameworks/Python.framework/Versions/2.7/lib/python2.7/site-packages/psiturk/psiturk_js/psiturk.js
2014-05-18 10:37:03,150 /Library/Frameworks/Python.framework/Versions/2.7/lib/python2.7/site-packages/psiturk/psiturk_js/psiturk.js
2014-05-18 10:37:03,336 /Library/Frameworks/Python.framework/Versions/2.7/lib/python2.7/site-packages/psiturk/psiturk_js/psiturk.js
2014-05-18 10:37:03,406 /Library/Frameworks/Python.framework/Versions/2.7/lib/python2.7/site-packages/psiturk/psiturk_js/psiturk.js
2014-05-18 10:37:03,436 /Library/Frameworks/Python.framework/Versions/2.7/lib/python2.7/site-packages/psiturk/psiturk_js/psiturk.js
2014-05-18 10:37:03,451 /Library/Frameworks/Python.framework/Versions/2.7/lib/python2.7/site-packages/psiturk/psiturk_js/psiturk.js
2014-05-18 10:37:03,471 /Library/Frameworks/Python.framework/Versions/2.7/lib/python2.7/site-packages/psiturk/psiturk_js/psiturk.js
2014-05-18 10:37:03,472 /Library/Frameworks/Python.framework/Versions/2.7/lib/python2.7/site-packages/psiturk/psiturk_js/psiturk.js
2014-05-18 10:38:07,841 /Library/Frameworks/Python.framework/Versions/2.7/lib/python2.7/site-packages/psiturk/psiturk_js/psiturk.js
2014-05-18 10:38:07,928 /Library/Frameworks/Python.framework/Versions/2.7/lib/python2.7/site-packages/psiturk/psiturk_js/psiturk.js
2014-05-18 10:38:08,144 /Library/Frameworks/Python.framework/Versions/2.7/lib/python2.7/site-packages/psiturk/psiturk_js/psiturk.js
2014-05-18 10:38:08,315 /Library/Frameworks/Python.framework/Versions/2.7/lib/python2.7/site-packages/psiturk/psiturk_js/psiturk.js
2014-05-18 10:38:08,416 /Library/Frameworks/Python.framework/Versions/2.7/lib/python2.7/site-packages/psiturk/psiturk_js/psiturk.js
2014-05-18 10:38:08,420 /Library/Frameworks/Python.framework/Versions/2.7/lib/python2.7/site-packages/psiturk/psiturk_js/psiturk.js
2014-05-18 10:38:08,424 /Library/Frameworks/Python.framework/Versions/2.7/lib/python2.7/site-packages/psiturk/psiturk_js/psiturk.js
2014-05-18 10:38:08,429 /Library/Frameworks/Python.framework/Versions/2.7/lib/python2.7/site-packages/psiturk/psiturk_js/psiturk.js
2014-05-18 10:38:08,440 /Library/Frameworks/Python.framework/Versions/2.7/lib/python2.7/site-packages/psiturk/psiturk_js/psiturk.js
2014-05-18 10:39:02,533 /Library/Frameworks/Python.framework/Versions/2.7/lib/python2.7/site-packages/psiturk/psiturk_js/psiturk.js
2014-05-18 10:39:02,646 /Library/Frameworks/Python.framework/Versions/2.7/lib/python2.7/site-packages/psiturk/psiturk_js/psiturk.js
2014-05-18 10:39:02,648 /Library/Frameworks/Python.framework/Versions/2.7/lib/python2.7/site-packages/psiturk/psiturk_js/psiturk.js
2014-05-18 10:39:02,844 /Library/Frameworks/Python.framework/Versions/2.7/lib/python2.7/site-packages/psiturk/psiturk_js/psiturk.js
2014-05-18 10:39:02,963 /Library/Frameworks/Python.framework/Versions/2.7/lib/python2.7/site-packages/psiturk/psiturk_js/psiturk.js
2014-05-18 10:39:03,004 /Library/Frameworks/Python.framework/Versions/2.7/lib/python2.7/site-packages/psiturk/psiturk_js/psiturk.js
2014-05-18 10:39:03,026 /Library/Frameworks/Python.framework/Versions/2.7/lib/python2.7/site-packages/psiturk/psiturk_js/psiturk.js
2014-05-18 10:39:03,051 /Library/Frameworks/Python.framework/Versions/2.7/lib/python2.7/site-packages/psiturk/psiturk_js/psiturk.js
2014-05-18 10:39:03,053 /Library/Frameworks/Python.framework/Versions/2.7/lib/python2.7/site-packages/psiturk/psiturk_js/psiturk.js
2014-05-18 10:40:40,858 /Library/Frameworks/Python.framework/Versions/2.7/lib/python2.7/site-packages/psiturk/psiturk_js/psiturk.js
2014-05-18 10:40:41,063 /Library/Frameworks/Python.framework/Versions/2.7/lib/python2.7/site-packages/psiturk/psiturk_js/psiturk.js
2014-05-18 10:40:41,312 /Library/Frameworks/Python.framework/Versions/2.7/lib/python2.7/site-packages/psiturk/psiturk_js/psiturk.js
2014-05-18 10:40:41,413 /Library/Frameworks/Python.framework/Versions/2.7/lib/python2.7/site-packages/psiturk/psiturk_js/psiturk.js
2014-05-18 10:40:41,549 /Library/Frameworks/Python.framework/Versions/2.7/lib/python2.7/site-packages/psiturk/psiturk_js/psiturk.js
2014-05-18 10:40:41,583 /Library/Frameworks/Python.framework/Versions/2.7/lib/python2.7/site-packages/psiturk/psiturk_js/psiturk.js
2014-05-18 10:40:41,606 /Library/Frameworks/Python.framework/Versions/2.7/lib/python2.7/site-packages/psiturk/psiturk_js/psiturk.js
2014-05-18 10:40:41,615 /Library/Frameworks/Python.framework/Versions/2.7/lib/python2.7/site-packages/psiturk/psiturk_js/psiturk.js
2014-05-18 10:40:41,640 /Library/Frameworks/Python.framework/Versions/2.7/lib/python2.7/site-packages/psiturk/psiturk_js/psiturk.js
2014-05-18 10:41:47,966 /Library/Frameworks/Python.framework/Versions/2.7/lib/python2.7/site-packages/psiturk/psiturk_js/psiturk.js
2014-05-18 10:41:47,972 /Library/Frameworks/Python.framework/Versions/2.7/lib/python2.7/site-packages/psiturk/psiturk_js/psiturk.js
2014-05-18 10:41:48,234 /Library/Frameworks/Python.framework/Versions/2.7/lib/python2.7/site-packages/psiturk/psiturk_js/psiturk.js
2014-05-18 10:41:48,322 /Library/Frameworks/Python.framework/Versions/2.7/lib/python2.7/site-packages/psiturk/psiturk_js/psiturk.js
2014-05-18 10:41:48,325 /Library/Frameworks/Python.framework/Versions/2.7/lib/python2.7/site-packages/psiturk/psiturk_js/psiturk.js
2014-05-18 10:41:48,484 /Library/Frameworks/Python.framework/Versions/2.7/lib/python2.7/site-packages/psiturk/psiturk_js/psiturk.js
2014-05-18 10:41:48,495 /Library/Frameworks/Python.framework/Versions/2.7/lib/python2.7/site-packages/psiturk/psiturk_js/psiturk.js
2014-05-18 10:41:48,506 /Library/Frameworks/Python.framework/Versions/2.7/lib/python2.7/site-packages/psiturk/psiturk_js/psiturk.js
2014-05-18 10:41:48,555 /Library/Frameworks/Python.framework/Versions/2.7/lib/python2.7/site-packages/psiturk/psiturk_js/psiturk.js
2014-05-18 10:43:13,702 /Library/Frameworks/Python.framework/Versions/2.7/lib/python2.7/site-packages/psiturk/psiturk_js/psiturk.js
2014-05-18 10:43:13,724 /Library/Frameworks/Python.framework/Versions/2.7/lib/python2.7/site-packages/psiturk/psiturk_js/psiturk.js
2014-05-18 10:43:13,881 /Library/Frameworks/Python.framework/Versions/2.7/lib/python2.7/site-packages/psiturk/psiturk_js/psiturk.js
2014-05-18 10:43:14,064 /Library/Frameworks/Python.framework/Versions/2.7/lib/python2.7/site-packages/psiturk/psiturk_js/psiturk.js
2014-05-18 10:43:14,179 /Library/Frameworks/Python.framework/Versions/2.7/lib/python2.7/site-packages/psiturk/psiturk_js/psiturk.js
2014-05-18 10:43:14,253 /Library/Frameworks/Python.framework/Versions/2.7/lib/python2.7/site-packages/psiturk/psiturk_js/psiturk.js
2014-05-18 10:43:14,270 /Library/Frameworks/Python.framework/Versions/2.7/lib/python2.7/site-packages/psiturk/psiturk_js/psiturk.js
2014-05-18 10:43:14,288 /Library/Frameworks/Python.framework/Versions/2.7/lib/python2.7/site-packages/psiturk/psiturk_js/psiturk.js
2014-05-18 10:43:14,293 /Library/Frameworks/Python.framework/Versions/2.7/lib/python2.7/site-packages/psiturk/psiturk_js/psiturk.js
2014-05-18 10:45:52,175 /Library/Frameworks/Python.framework/Versions/2.7/lib/python2.7/site-packages/psiturk/psiturk_js/psiturk.js
2014-05-18 10:45:52,186 /Library/Frameworks/Python.framework/Versions/2.7/lib/python2.7/site-packages/psiturk/psiturk_js/psiturk.js
2014-05-18 10:45:52,389 /Library/Frameworks/Python.framework/Versions/2.7/lib/python2.7/site-packages/psiturk/psiturk_js/psiturk.js
2014-05-18 10:45:52,458 /Library/Frameworks/Python.framework/Versions/2.7/lib/python2.7/site-packages/psiturk/psiturk_js/psiturk.js
2014-05-18 10:45:52,566 /Library/Frameworks/Python.framework/Versions/2.7/lib/python2.7/site-packages/psiturk/psiturk_js/psiturk.js
2014-05-18 10:45:52,574 /Library/Frameworks/Python.framework/Versions/2.7/lib/python2.7/site-packages/psiturk/psiturk_js/psiturk.js
2014-05-18 10:45:52,637 /Library/Frameworks/Python.framework/Versions/2.7/lib/python2.7/site-packages/psiturk/psiturk_js/psiturk.js
2014-05-18 10:45:52,644 /Library/Frameworks/Python.framework/Versions/2.7/lib/python2.7/site-packages/psiturk/psiturk_js/psiturk.js
2014-05-18 10:45:52,681 /Library/Frameworks/Python.framework/Versions/2.7/lib/python2.7/site-packages/psiturk/psiturk_js/psiturk.js
2014-05-18 10:47:00,125 /Library/Frameworks/Python.framework/Versions/2.7/lib/python2.7/site-packages/psiturk/psiturk_js/psiturk.js
2014-05-18 10:47:00,150 /Library/Frameworks/Python.framework/Versions/2.7/lib/python2.7/site-packages/psiturk/psiturk_js/psiturk.js
2014-05-18 10:47:00,387 /Library/Frameworks/Python.framework/Versions/2.7/lib/python2.7/site-packages/psiturk/psiturk_js/psiturk.js
2014-05-18 10:47:00,522 /Library/Frameworks/Python.framework/Versions/2.7/lib/python2.7/site-packages/psiturk/psiturk_js/psiturk.js
2014-05-18 10:47:00,664 /Library/Frameworks/Python.framework/Versions/2.7/lib/python2.7/site-packages/psiturk/psiturk_js/psiturk.js
2014-05-18 10:47:00,700 /Library/Frameworks/Python.framework/Versions/2.7/lib/python2.7/site-packages/psiturk/psiturk_js/psiturk.js
2014-05-18 10:47:00,726 /Library/Frameworks/Python.framework/Versions/2.7/lib/python2.7/site-packages/psiturk/psiturk_js/psiturk.js
2014-05-18 10:47:00,740 /Library/Frameworks/Python.framework/Versions/2.7/lib/python2.7/site-packages/psiturk/psiturk_js/psiturk.js
2014-05-18 10:47:00,743 /Library/Frameworks/Python.framework/Versions/2.7/lib/python2.7/site-packages/psiturk/psiturk_js/psiturk.js
2014-05-18 10:48:32,252 /Library/Frameworks/Python.framework/Versions/2.7/lib/python2.7/site-packages/psiturk/psiturk_js/psiturk.js
2014-05-18 10:48:32,470 /Library/Frameworks/Python.framework/Versions/2.7/lib/python2.7/site-packages/psiturk/psiturk_js/psiturk.js
2014-05-18 10:48:32,780 /Library/Frameworks/Python.framework/Versions/2.7/lib/python2.7/site-packages/psiturk/psiturk_js/psiturk.js
2014-05-18 10:48:32,846 /Library/Frameworks/Python.framework/Versions/2.7/lib/python2.7/site-packages/psiturk/psiturk_js/psiturk.js
2014-05-18 10:48:32,920 /Library/Frameworks/Python.framework/Versions/2.7/lib/python2.7/site-packages/psiturk/psiturk_js/psiturk.js
2014-05-18 10:48:32,951 /Library/Frameworks/Python.framework/Versions/2.7/lib/python2.7/site-packages/psiturk/psiturk_js/psiturk.js
2014-05-18 10:48:32,964 /Library/Frameworks/Python.framework/Versions/2.7/lib/python2.7/site-packages/psiturk/psiturk_js/psiturk.js
2014-05-18 10:48:32,975 /Library/Frameworks/Python.framework/Versions/2.7/lib/python2.7/site-packages/psiturk/psiturk_js/psiturk.js
2014-05-18 10:48:32,997 /Library/Frameworks/Python.framework/Versions/2.7/lib/python2.7/site-packages/psiturk/psiturk_js/psiturk.js
2014-05-18 10:49:04,159 /Library/Frameworks/Python.framework/Versions/2.7/lib/python2.7/site-packages/psiturk/psiturk_js/psiturk.js
2014-05-18 10:49:04,210 /Library/Frameworks/Python.framework/Versions/2.7/lib/python2.7/site-packages/psiturk/psiturk_js/psiturk.js
2014-05-18 10:49:04,271 /Library/Frameworks/Python.framework/Versions/2.7/lib/python2.7/site-packages/psiturk/psiturk_js/psiturk.js
2014-05-18 10:49:04,430 /Library/Frameworks/Python.framework/Versions/2.7/lib/python2.7/site-packages/psiturk/psiturk_js/psiturk.js
2014-05-18 10:49:04,457 /Library/Frameworks/Python.framework/Versions/2.7/lib/python2.7/site-packages/psiturk/psiturk_js/psiturk.js
2014-05-18 10:49:04,538 /Library/Frameworks/Python.framework/Versions/2.7/lib/python2.7/site-packages/psiturk/psiturk_js/psiturk.js
2014-05-18 10:49:04,557 /Library/Frameworks/Python.framework/Versions/2.7/lib/python2.7/site-packages/psiturk/psiturk_js/psiturk.js
2014-05-18 10:49:04,579 /Library/Frameworks/Python.framework/Versions/2.7/lib/python2.7/site-packages/psiturk/psiturk_js/psiturk.js
2014-05-18 10:49:04,600 /Library/Frameworks/Python.framework/Versions/2.7/lib/python2.7/site-packages/psiturk/psiturk_js/psiturk.js
2014-05-18 10:50:55,311 /Library/Frameworks/Python.framework/Versions/2.7/lib/python2.7/site-packages/psiturk/psiturk_js/psiturk.js
2014-05-18 10:50:55,477 /Library/Frameworks/Python.framework/Versions/2.7/lib/python2.7/site-packages/psiturk/psiturk_js/psiturk.js
2014-05-18 10:50:55,499 /Library/Frameworks/Python.framework/Versions/2.7/lib/python2.7/site-packages/psiturk/psiturk_js/psiturk.js
2014-05-18 10:50:55,576 /Library/Frameworks/Python.framework/Versions/2.7/lib/python2.7/site-packages/psiturk/psiturk_js/psiturk.js
2014-05-18 10:50:55,596 /Library/Frameworks/Python.framework/Versions/2.7/lib/python2.7/site-packages/psiturk/psiturk_js/psiturk.js
2014-05-18 10:50:55,659 /Library/Frameworks/Python.framework/Versions/2.7/lib/python2.7/site-packages/psiturk/psiturk_js/psiturk.js
2014-05-18 10:50:55,709 /Library/Frameworks/Python.framework/Versions/2.7/lib/python2.7/site-packages/psiturk/psiturk_js/psiturk.js
2014-05-18 10:50:55,716 /Library/Frameworks/Python.framework/Versions/2.7/lib/python2.7/site-packages/psiturk/psiturk_js/psiturk.js
2014-05-18 10:50:55,719 /Library/Frameworks/Python.framework/Versions/2.7/lib/python2.7/site-packages/psiturk/psiturk_js/psiturk.js
2014-05-18 10:52:04,860 /Library/Frameworks/Python.framework/Versions/2.7/lib/python2.7/site-packages/psiturk/psiturk_js/psiturk.js
2014-05-18 10:52:04,956 /Library/Frameworks/Python.framework/Versions/2.7/lib/python2.7/site-packages/psiturk/psiturk_js/psiturk.js
2014-05-18 10:52:05,255 /Library/Frameworks/Python.framework/Versions/2.7/lib/python2.7/site-packages/psiturk/psiturk_js/psiturk.js
2014-05-18 10:52:05,376 /Library/Frameworks/Python.framework/Versions/2.7/lib/python2.7/site-packages/psiturk/psiturk_js/psiturk.js
2014-05-18 10:52:05,430 /Library/Frameworks/Python.framework/Versions/2.7/lib/python2.7/site-packages/psiturk/psiturk_js/psiturk.js
2014-05-18 10:52:05,461 /Library/Frameworks/Python.framework/Versions/2.7/lib/python2.7/site-packages/psiturk/psiturk_js/psiturk.js
2014-05-18 10:52:05,461 /Library/Frameworks/Python.framework/Versions/2.7/lib/python2.7/site-packages/psiturk/psiturk_js/psiturk.js
2014-05-18 10:52:05,509 /Library/Frameworks/Python.framework/Versions/2.7/lib/python2.7/site-packages/psiturk/psiturk_js/psiturk.js
2014-05-18 10:52:05,512 /Library/Frameworks/Python.framework/Versions/2.7/lib/python2.7/site-packages/psiturk/psiturk_js/psiturk.js
2014-05-18 10:53:19,767 /Library/Frameworks/Python.framework/Versions/2.7/lib/python2.7/site-packages/psiturk/psiturk_js/psiturk.js
2014-05-18 10:53:20,035 /Library/Frameworks/Python.framework/Versions/2.7/lib/python2.7/site-packages/psiturk/psiturk_js/psiturk.js
2014-05-18 10:53:20,217 /Library/Frameworks/Python.framework/Versions/2.7/lib/python2.7/site-packages/psiturk/psiturk_js/psiturk.js
2014-05-18 10:53:20,381 /Library/Frameworks/Python.framework/Versions/2.7/lib/python2.7/site-packages/psiturk/psiturk_js/psiturk.js
2014-05-18 10:53:20,384 /Library/Frameworks/Python.framework/Versions/2.7/lib/python2.7/site-packages/psiturk/psiturk_js/psiturk.js
2014-05-18 10:53:20,418 /Library/Frameworks/Python.framework/Versions/2.7/lib/python2.7/site-packages/psiturk/psiturk_js/psiturk.js
2014-05-18 10:53:20,422 /Library/Frameworks/Python.framework/Versions/2.7/lib/python2.7/site-packages/psiturk/psiturk_js/psiturk.js
2014-05-18 10:53:20,451 /Library/Frameworks/Python.framework/Versions/2.7/lib/python2.7/site-packages/psiturk/psiturk_js/psiturk.js
2014-05-18 10:53:20,485 /Library/Frameworks/Python.framework/Versions/2.7/lib/python2.7/site-packages/psiturk/psiturk_js/psiturk.js
2014-05-18 10:54:48,889 /Library/Frameworks/Python.framework/Versions/2.7/lib/python2.7/site-packages/psiturk/psiturk_js/psiturk.js
2014-05-18 10:54:49,003 /Library/Frameworks/Python.framework/Versions/2.7/lib/python2.7/site-packages/psiturk/psiturk_js/psiturk.js
2014-05-18 10:54:49,132 /Library/Frameworks/Python.framework/Versions/2.7/lib/python2.7/site-packages/psiturk/psiturk_js/psiturk.js
2014-05-18 10:54:49,247 /Library/Frameworks/Python.framework/Versions/2.7/lib/python2.7/site-packages/psiturk/psiturk_js/psiturk.js
2014-05-18 10:54:49,281 /Library/Frameworks/Python.framework/Versions/2.7/lib/python2.7/site-packages/psiturk/psiturk_js/psiturk.js
2014-05-18 10:54:49,290 /Library/Frameworks/Python.framework/Versions/2.7/lib/python2.7/site-packages/psiturk/psiturk_js/psiturk.js
2014-05-18 10:54:49,299 /Library/Frameworks/Python.framework/Versions/2.7/lib/python2.7/site-packages/psiturk/psiturk_js/psiturk.js
2014-05-18 10:54:49,317 /Library/Frameworks/Python.framework/Versions/2.7/lib/python2.7/site-packages/psiturk/psiturk_js/psiturk.js
2014-05-18 10:54:49,320 /Library/Frameworks/Python.framework/Versions/2.7/lib/python2.7/site-packages/psiturk/psiturk_js/psiturk.js
2014-05-18 11:01:47,007 /Library/Frameworks/Python.framework/Versions/2.7/lib/python2.7/site-packages/psiturk/psiturk_js/psiturk.js
2014-05-18 11:01:47,077 /Library/Frameworks/Python.framework/Versions/2.7/lib/python2.7/site-packages/psiturk/psiturk_js/psiturk.js
2014-05-18 11:01:47,211 /Library/Frameworks/Python.framework/Versions/2.7/lib/python2.7/site-packages/psiturk/psiturk_js/psiturk.js
2014-05-18 11:01:47,249 /Library/Frameworks/Python.framework/Versions/2.7/lib/python2.7/site-packages/psiturk/psiturk_js/psiturk.js
2014-05-18 11:01:47,308 /Library/Frameworks/Python.framework/Versions/2.7/lib/python2.7/site-packages/psiturk/psiturk_js/psiturk.js
2014-05-18 11:01:47,354 /Library/Frameworks/Python.framework/Versions/2.7/lib/python2.7/site-packages/psiturk/psiturk_js/psiturk.js
2014-05-18 11:01:47,388 /Library/Frameworks/Python.framework/Versions/2.7/lib/python2.7/site-packages/psiturk/psiturk_js/psiturk.js
2014-05-18 11:01:47,394 /Library/Frameworks/Python.framework/Versions/2.7/lib/python2.7/site-packages/psiturk/psiturk_js/psiturk.js
2014-05-18 11:01:47,399 /Library/Frameworks/Python.framework/Versions/2.7/lib/python2.7/site-packages/psiturk/psiturk_js/psiturk.js
2014-05-20 21:03:49,823 /Library/Frameworks/Python.framework/Versions/2.7/lib/python2.7/site-packages/psiturk/psiturk_js/psiturk.js
2014-05-20 21:03:49,964 /Library/Frameworks/Python.framework/Versions/2.7/lib/python2.7/site-packages/psiturk/psiturk_js/psiturk.js
2014-05-20 21:03:50,101 /Library/Frameworks/Python.framework/Versions/2.7/lib/python2.7/site-packages/psiturk/psiturk_js/psiturk.js
2014-05-20 21:03:50,139 /Library/Frameworks/Python.framework/Versions/2.7/lib/python2.7/site-packages/psiturk/psiturk_js/psiturk.js
2014-05-20 21:03:50,299 /Library/Frameworks/Python.framework/Versions/2.7/lib/python2.7/site-packages/psiturk/psiturk_js/psiturk.js
2014-05-20 21:03:50,319 /Library/Frameworks/Python.framework/Versions/2.7/lib/python2.7/site-packages/psiturk/psiturk_js/psiturk.js
2014-05-20 21:03:50,335 /Library/Frameworks/Python.framework/Versions/2.7/lib/python2.7/site-packages/psiturk/psiturk_js/psiturk.js
2014-05-20 21:03:50,343 /Library/Frameworks/Python.framework/Versions/2.7/lib/python2.7/site-packages/psiturk/psiturk_js/psiturk.js
2014-05-20 21:03:50,356 /Library/Frameworks/Python.framework/Versions/2.7/lib/python2.7/site-packages/psiturk/psiturk_js/psiturk.js
2014-05-20 21:42:31,738 /Library/Frameworks/Python.framework/Versions/2.7/lib/python2.7/site-packages/psiturk/psiturk_js/psiturk.js
2014-05-20 21:42:31,748 /Library/Frameworks/Python.framework/Versions/2.7/lib/python2.7/site-packages/psiturk/psiturk_js/psiturk.js
2014-05-20 21:42:31,824 /Library/Frameworks/Python.framework/Versions/2.7/lib/python2.7/site-packages/psiturk/psiturk_js/psiturk.js
2014-05-20 21:42:32,026 /Library/Frameworks/Python.framework/Versions/2.7/lib/python2.7/site-packages/psiturk/psiturk_js/psiturk.js
2014-05-20 21:42:32,137 /Library/Frameworks/Python.framework/Versions/2.7/lib/python2.7/site-packages/psiturk/psiturk_js/psiturk.js
2014-05-20 21:42:32,199 /Library/Frameworks/Python.framework/Versions/2.7/lib/python2.7/site-packages/psiturk/psiturk_js/psiturk.js
2014-05-20 21:42:32,247 /Library/Frameworks/Python.framework/Versions/2.7/lib/python2.7/site-packages/psiturk/psiturk_js/psiturk.js
2014-05-20 21:42:32,257 /Library/Frameworks/Python.framework/Versions/2.7/lib/python2.7/site-packages/psiturk/psiturk_js/psiturk.js
2014-05-20 21:42:32,280 /Library/Frameworks/Python.framework/Versions/2.7/lib/python2.7/site-packages/psiturk/psiturk_js/psiturk.js
2014-05-20 21:47:41,769 /Library/Frameworks/Python.framework/Versions/2.7/lib/python2.7/site-packages/psiturk/psiturk_js/psiturk.js
2014-05-20 21:47:41,863 /Library/Frameworks/Python.framework/Versions/2.7/lib/python2.7/site-packages/psiturk/psiturk_js/psiturk.js
2014-05-20 21:47:42,011 /Library/Frameworks/Python.framework/Versions/2.7/lib/python2.7/site-packages/psiturk/psiturk_js/psiturk.js
2014-05-20 21:47:42,210 /Library/Frameworks/Python.framework/Versions/2.7/lib/python2.7/site-packages/psiturk/psiturk_js/psiturk.js
2014-05-20 21:47:42,263 /Library/Frameworks/Python.framework/Versions/2.7/lib/python2.7/site-packages/psiturk/psiturk_js/psiturk.js
2014-05-20 21:47:42,280 /Library/Frameworks/Python.framework/Versions/2.7/lib/python2.7/site-packages/psiturk/psiturk_js/psiturk.js
2014-05-20 21:47:42,296 /Library/Frameworks/Python.framework/Versions/2.7/lib/python2.7/site-packages/psiturk/psiturk_js/psiturk.js
2014-05-20 21:47:42,312 /Library/Frameworks/Python.framework/Versions/2.7/lib/python2.7/site-packages/psiturk/psiturk_js/psiturk.js
2014-05-20 21:47:42,321 /Library/Frameworks/Python.framework/Versions/2.7/lib/python2.7/site-packages/psiturk/psiturk_js/psiturk.js
2014-05-20 23:46:05 [3596] [CRITICAL] WORKER TIMEOUT (pid:3600)
2014-05-20 23:46:05 [3596] [CRITICAL] WORKER TIMEOUT (pid:3601)
2014-05-20 23:46:05 [3596] [CRITICAL] WORKER TIMEOUT (pid:3602)
2014-05-20 23:46:05 [3596] [CRITICAL] WORKER TIMEOUT (pid:3603)
2014-05-20 23:46:05 [3596] [CRITICAL] WORKER TIMEOUT (pid:3604)
2014-05-20 23:46:05 [3596] [CRITICAL] WORKER TIMEOUT (pid:3605)
2014-05-20 23:46:05 [3596] [CRITICAL] WORKER TIMEOUT (pid:3606)
2014-05-20 23:46:05 [3596] [CRITICAL] WORKER TIMEOUT (pid:3607)
2014-05-20 23:46:05 [3596] [CRITICAL] WORKER TIMEOUT (pid:3608)
2014-05-20 23:46:05 [3596] [CRITICAL] WORKER TIMEOUT (pid:3600)
2014-05-20 23:46:05 [3596] [CRITICAL] WORKER TIMEOUT (pid:3601)
2014-05-20 23:46:05 [3596] [CRITICAL] WORKER TIMEOUT (pid:3602)
2014-05-20 23:46:05 [3596] [CRITICAL] WORKER TIMEOUT (pid:3603)
2014-05-20 23:46:05 [3596] [CRITICAL] WORKER TIMEOUT (pid:3604)
2014-05-20 23:46:05 [3596] [CRITICAL] WORKER TIMEOUT (pid:3605)
2014-05-20 23:46:05 [3596] [CRITICAL] WORKER TIMEOUT (pid:3606)
2014-05-20 23:46:05 [3596] [CRITICAL] WORKER TIMEOUT (pid:3607)
2014-05-20 23:46:05 [3596] [CRITICAL] WORKER TIMEOUT (pid:3608)
2014-05-20 23:46:05 [3596] [CRITICAL] WORKER TIMEOUT (pid:3603)
2014-05-20 23:46:05 [3596] [CRITICAL] WORKER TIMEOUT (pid:3604)
2014-05-20 23:46:07,087 /Library/Frameworks/Python.framework/Versions/2.7/lib/python2.7/site-packages/psiturk/psiturk_js/psiturk.js
2014-05-20 23:46:07,087 /Library/Frameworks/Python.framework/Versions/2.7/lib/python2.7/site-packages/psiturk/psiturk_js/psiturk.js
2014-05-20 23:46:07,111 /Library/Frameworks/Python.framework/Versions/2.7/lib/python2.7/site-packages/psiturk/psiturk_js/psiturk.js
2014-05-20 23:46:07,160 /Library/Frameworks/Python.framework/Versions/2.7/lib/python2.7/site-packages/psiturk/psiturk_js/psiturk.js
2014-05-20 23:46:07,179 /Library/Frameworks/Python.framework/Versions/2.7/lib/python2.7/site-packages/psiturk/psiturk_js/psiturk.js
2014-05-20 23:46:07,218 /Library/Frameworks/Python.framework/Versions/2.7/lib/python2.7/site-packages/psiturk/psiturk_js/psiturk.js
2014-05-20 23:46:07,266 /Library/Frameworks/Python.framework/Versions/2.7/lib/python2.7/site-packages/psiturk/psiturk_js/psiturk.js
2014-05-20 23:46:07,303 /Library/Frameworks/Python.framework/Versions/2.7/lib/python2.7/site-packages/psiturk/psiturk_js/psiturk.js
2014-05-20 23:46:07,323 /Library/Frameworks/Python.framework/Versions/2.7/lib/python2.7/site-packages/psiturk/psiturk_js/psiturk.js
2014-05-20 23:50:20,666 /Library/Frameworks/Python.framework/Versions/2.7/lib/python2.7/site-packages/psiturk/psiturk_js/psiturk.js
2014-05-20 23:50:20,710 /Library/Frameworks/Python.framework/Versions/2.7/lib/python2.7/site-packages/psiturk/psiturk_js/psiturk.js
2014-05-20 23:50:20,711 /Library/Frameworks/Python.framework/Versions/2.7/lib/python2.7/site-packages/psiturk/psiturk_js/psiturk.js
2014-05-20 23:50:20,715 /Library/Frameworks/Python.framework/Versions/2.7/lib/python2.7/site-packages/psiturk/psiturk_js/psiturk.js
2014-05-20 23:50:20,721 /Library/Frameworks/Python.framework/Versions/2.7/lib/python2.7/site-packages/psiturk/psiturk_js/psiturk.js
2014-05-20 23:50:20,723 /Library/Frameworks/Python.framework/Versions/2.7/lib/python2.7/site-packages/psiturk/psiturk_js/psiturk.js
2014-05-20 23:50:20,727 /Library/Frameworks/Python.framework/Versions/2.7/lib/python2.7/site-packages/psiturk/psiturk_js/psiturk.js
2014-05-20 23:50:20,732 /Library/Frameworks/Python.framework/Versions/2.7/lib/python2.7/site-packages/psiturk/psiturk_js/psiturk.js
2014-05-20 23:50:20,732 /Library/Frameworks/Python.framework/Versions/2.7/lib/python2.7/site-packages/psiturk/psiturk_js/psiturk.js
2014-05-21 17:09:10,685 /Library/Frameworks/Python.framework/Versions/2.7/lib/python2.7/site-packages/psiturk/psiturk_js/psiturk.js
2014-05-21 17:09:10,735 /Library/Frameworks/Python.framework/Versions/2.7/lib/python2.7/site-packages/psiturk/psiturk_js/psiturk.js
2014-05-21 17:09:10,937 /Library/Frameworks/Python.framework/Versions/2.7/lib/python2.7/site-packages/psiturk/psiturk_js/psiturk.js
2014-05-21 17:09:11,029 /Library/Frameworks/Python.framework/Versions/2.7/lib/python2.7/site-packages/psiturk/psiturk_js/psiturk.js
2014-05-21 17:09:11,047 /Library/Frameworks/Python.framework/Versions/2.7/lib/python2.7/site-packages/psiturk/psiturk_js/psiturk.js
2014-05-21 17:09:11,058 /Library/Frameworks/Python.framework/Versions/2.7/lib/python2.7/site-packages/psiturk/psiturk_js/psiturk.js
2014-05-21 17:09:11,059 /Library/Frameworks/Python.framework/Versions/2.7/lib/python2.7/site-packages/psiturk/psiturk_js/psiturk.js
2014-05-21 17:09:11,065 /Library/Frameworks/Python.framework/Versions/2.7/lib/python2.7/site-packages/psiturk/psiturk_js/psiturk.js
2014-05-21 17:09:11,070 /Library/Frameworks/Python.framework/Versions/2.7/lib/python2.7/site-packages/psiturk/psiturk_js/psiturk.js
2014-05-21 18:11:11,731 /Library/Frameworks/Python.framework/Versions/2.7/lib/python2.7/site-packages/psiturk/psiturk_js/psiturk.js
2014-05-21 18:11:11,779 /Library/Frameworks/Python.framework/Versions/2.7/lib/python2.7/site-packages/psiturk/psiturk_js/psiturk.js
2014-05-21 18:11:11,857 /Library/Frameworks/Python.framework/Versions/2.7/lib/python2.7/site-packages/psiturk/psiturk_js/psiturk.js
2014-05-21 18:11:11,986 /Library/Frameworks/Python.framework/Versions/2.7/lib/python2.7/site-packages/psiturk/psiturk_js/psiturk.js
2014-05-21 18:11:12,000 /Library/Frameworks/Python.framework/Versions/2.7/lib/python2.7/site-packages/psiturk/psiturk_js/psiturk.js
2014-05-21 18:11:12,029 /Library/Frameworks/Python.framework/Versions/2.7/lib/python2.7/site-packages/psiturk/psiturk_js/psiturk.js
2014-05-21 18:11:12,045 /Library/Frameworks/Python.framework/Versions/2.7/lib/python2.7/site-packages/psiturk/psiturk_js/psiturk.js
2014-05-21 18:11:12,066 /Library/Frameworks/Python.framework/Versions/2.7/lib/python2.7/site-packages/psiturk/psiturk_js/psiturk.js
2014-05-21 18:11:12,074 /Library/Frameworks/Python.framework/Versions/2.7/lib/python2.7/site-packages/psiturk/psiturk_js/psiturk.js
2014-05-21 18:28:22 [3873] [CRITICAL] WORKER TIMEOUT (pid:3877)
2014-05-21 18:28:22 [3873] [CRITICAL] WORKER TIMEOUT (pid:3878)
2014-05-21 18:28:22 [3873] [CRITICAL] WORKER TIMEOUT (pid:3879)
2014-05-21 18:28:22 [3873] [CRITICAL] WORKER TIMEOUT (pid:3880)
2014-05-21 18:28:22 [3873] [CRITICAL] WORKER TIMEOUT (pid:3881)
2014-05-21 18:28:22 [3873] [CRITICAL] WORKER TIMEOUT (pid:3882)
2014-05-21 18:28:22 [3873] [CRITICAL] WORKER TIMEOUT (pid:3883)
2014-05-21 18:28:22 [3873] [CRITICAL] WORKER TIMEOUT (pid:3884)
2014-05-21 18:28:22 [3873] [CRITICAL] WORKER TIMEOUT (pid:3885)
2014-05-21 18:28:22 [3873] [CRITICAL] WORKER TIMEOUT (pid:3877)
2014-05-21 18:28:22 [3873] [CRITICAL] WORKER TIMEOUT (pid:3878)
2014-05-21 18:28:22 [3873] [CRITICAL] WORKER TIMEOUT (pid:3879)
2014-05-21 18:28:22 [3873] [CRITICAL] WORKER TIMEOUT (pid:3880)
2014-05-21 18:28:22 [3873] [CRITICAL] WORKER TIMEOUT (pid:3881)
2014-05-21 18:28:22 [3873] [CRITICAL] WORKER TIMEOUT (pid:3882)
2014-05-21 18:28:22 [3873] [CRITICAL] WORKER TIMEOUT (pid:3883)
2014-05-21 18:28:22 [3873] [CRITICAL] WORKER TIMEOUT (pid:3884)
2014-05-21 18:28:22 [3873] [CRITICAL] WORKER TIMEOUT (pid:3885)
2014-05-21 18:28:22 [3873] [CRITICAL] WORKER TIMEOUT (pid:3884)
2014-05-21 18:28:22 [3873] [CRITICAL] WORKER TIMEOUT (pid:3885)
2014-05-21 18:28:24,187 /Library/Frameworks/Python.framework/Versions/2.7/lib/python2.7/site-packages/psiturk/psiturk_js/psiturk.js
2014-05-21 18:28:24,254 /Library/Frameworks/Python.framework/Versions/2.7/lib/python2.7/site-packages/psiturk/psiturk_js/psiturk.js
2014-05-21 18:28:24,244 /Library/Frameworks/Python.framework/Versions/2.7/lib/python2.7/site-packages/psiturk/psiturk_js/psiturk.js
2014-05-21 18:28:24,256 /Library/Frameworks/Python.framework/Versions/2.7/lib/python2.7/site-packages/psiturk/psiturk_js/psiturk.js
2014-05-21 18:28:24,266 /Library/Frameworks/Python.framework/Versions/2.7/lib/python2.7/site-packages/psiturk/psiturk_js/psiturk.js
2014-05-21 18:28:24,269 /Library/Frameworks/Python.framework/Versions/2.7/lib/python2.7/site-packages/psiturk/psiturk_js/psiturk.js
2014-05-21 18:28:24,289 /Library/Frameworks/Python.framework/Versions/2.7/lib/python2.7/site-packages/psiturk/psiturk_js/psiturk.js
2014-05-21 18:28:24,299 /Library/Frameworks/Python.framework/Versions/2.7/lib/python2.7/site-packages/psiturk/psiturk_js/psiturk.js
2014-05-21 18:28:24,307 /Library/Frameworks/Python.framework/Versions/2.7/lib/python2.7/site-packages/psiturk/psiturk_js/psiturk.js
2014-05-21 19:19:40 [3873] [CRITICAL] WORKER TIMEOUT (pid:4082)
2014-05-21 19:19:40 [3873] [CRITICAL] WORKER TIMEOUT (pid:4084)
2014-05-21 19:19:40 [3873] [CRITICAL] WORKER TIMEOUT (pid:4085)
2014-05-21 19:19:40 [3873] [CRITICAL] WORKER TIMEOUT (pid:4086)
2014-05-21 19:19:40 [3873] [CRITICAL] WORKER TIMEOUT (pid:4087)
2014-05-21 19:19:40 [3873] [CRITICAL] WORKER TIMEOUT (pid:4088)
2014-05-21 19:19:40 [3873] [CRITICAL] WORKER TIMEOUT (pid:4089)
2014-05-21 19:19:40 [3873] [CRITICAL] WORKER TIMEOUT (pid:4090)
2014-05-21 19:19:40 [3873] [CRITICAL] WORKER TIMEOUT (pid:4091)
2014-05-21 19:19:40 [3873] [CRITICAL] WORKER TIMEOUT (pid:4082)
2014-05-21 19:19:40 [3873] [CRITICAL] WORKER TIMEOUT (pid:4084)
2014-05-21 19:19:40 [3873] [CRITICAL] WORKER TIMEOUT (pid:4085)
2014-05-21 19:19:40 [3873] [CRITICAL] WORKER TIMEOUT (pid:4086)
2014-05-21 19:19:40 [3873] [CRITICAL] WORKER TIMEOUT (pid:4087)
2014-05-21 19:19:40 [3873] [CRITICAL] WORKER TIMEOUT (pid:4088)
2014-05-21 19:19:40 [3873] [CRITICAL] WORKER TIMEOUT (pid:4089)
2014-05-21 19:19:40 [3873] [CRITICAL] WORKER TIMEOUT (pid:4090)
2014-05-21 19:19:40 [3873] [CRITICAL] WORKER TIMEOUT (pid:4091)
2014-05-21 19:19:40 [3873] [CRITICAL] WORKER TIMEOUT (pid:4091)
2014-05-21 19:19:42,114 /Library/Frameworks/Python.framework/Versions/2.7/lib/python2.7/site-packages/psiturk/psiturk_js/psiturk.js
2014-05-21 19:19:42,127 /Library/Frameworks/Python.framework/Versions/2.7/lib/python2.7/site-packages/psiturk/psiturk_js/psiturk.js
2014-05-21 19:19:42,279 /Library/Frameworks/Python.framework/Versions/2.7/lib/python2.7/site-packages/psiturk/psiturk_js/psiturk.js
2014-05-21 19:19:42,309 /Library/Frameworks/Python.framework/Versions/2.7/lib/python2.7/site-packages/psiturk/psiturk_js/psiturk.js
2014-05-21 19:19:42,324 /Library/Frameworks/Python.framework/Versions/2.7/lib/python2.7/site-packages/psiturk/psiturk_js/psiturk.js
2014-05-21 19:19:42,355 /Library/Frameworks/Python.framework/Versions/2.7/lib/python2.7/site-packages/psiturk/psiturk_js/psiturk.js
2014-05-21 19:19:42,420 /Library/Frameworks/Python.framework/Versions/2.7/lib/python2.7/site-packages/psiturk/psiturk_js/psiturk.js
2014-05-21 19:19:42,432 /Library/Frameworks/Python.framework/Versions/2.7/lib/python2.7/site-packages/psiturk/psiturk_js/psiturk.js
2014-05-21 19:19:42,444 /Library/Frameworks/Python.framework/Versions/2.7/lib/python2.7/site-packages/psiturk/psiturk_js/psiturk.js
2014-05-21 20:57:02 [3873] [CRITICAL] WORKER TIMEOUT (pid:4160)
2014-05-21 20:57:02 [3873] [CRITICAL] WORKER TIMEOUT (pid:4161)
2014-05-21 20:57:02 [3873] [CRITICAL] WORKER TIMEOUT (pid:4162)
2014-05-21 20:57:02 [3873] [CRITICAL] WORKER TIMEOUT (pid:4163)
2014-05-21 20:57:02 [3873] [CRITICAL] WORKER TIMEOUT (pid:4164)
2014-05-21 20:57:02 [3873] [CRITICAL] WORKER TIMEOUT (pid:4165)
2014-05-21 20:57:02 [3873] [CRITICAL] WORKER TIMEOUT (pid:4166)
2014-05-21 20:57:02 [3873] [CRITICAL] WORKER TIMEOUT (pid:4158)
2014-05-21 20:57:02 [3873] [CRITICAL] WORKER TIMEOUT (pid:4159)
2014-05-21 20:57:02 [3873] [CRITICAL] WORKER TIMEOUT (pid:4160)
2014-05-21 20:57:02 [3873] [CRITICAL] WORKER TIMEOUT (pid:4161)
2014-05-21 20:57:02 [3873] [CRITICAL] WORKER TIMEOUT (pid:4162)
2014-05-21 20:57:02 [3873] [CRITICAL] WORKER TIMEOUT (pid:4163)
2014-05-21 20:57:02 [3873] [CRITICAL] WORKER TIMEOUT (pid:4164)
2014-05-21 20:57:02 [3873] [CRITICAL] WORKER TIMEOUT (pid:4165)
2014-05-21 20:57:02 [3873] [CRITICAL] WORKER TIMEOUT (pid:4166)
2014-05-21 20:57:02 [3873] [CRITICAL] WORKER TIMEOUT (pid:4158)
2014-05-21 20:57:02 [3873] [CRITICAL] WORKER TIMEOUT (pid:4159)
2014-05-21 20:57:04,131 /Library/Frameworks/Python.framework/Versions/2.7/lib/python2.7/site-packages/psiturk/psiturk_js/psiturk.js
2014-05-21 20:57:04,152 /Library/Frameworks/Python.framework/Versions/2.7/lib/python2.7/site-packages/psiturk/psiturk_js/psiturk.js
2014-05-21 20:57:04,154 /Library/Frameworks/Python.framework/Versions/2.7/lib/python2.7/site-packages/psiturk/psiturk_js/psiturk.js
2014-05-21 20:57:04,223 /Library/Frameworks/Python.framework/Versions/2.7/lib/python2.7/site-packages/psiturk/psiturk_js/psiturk.js
2014-05-21 20:57:04,278 /Library/Frameworks/Python.framework/Versions/2.7/lib/python2.7/site-packages/psiturk/psiturk_js/psiturk.js
2014-05-21 20:57:04,320 /Library/Frameworks/Python.framework/Versions/2.7/lib/python2.7/site-packages/psiturk/psiturk_js/psiturk.js
2014-05-21 20:57:04,341 /Library/Frameworks/Python.framework/Versions/2.7/lib/python2.7/site-packages/psiturk/psiturk_js/psiturk.js
2014-05-21 20:57:04,365 /Library/Frameworks/Python.framework/Versions/2.7/lib/python2.7/site-packages/psiturk/psiturk_js/psiturk.js
2014-05-21 20:57:04,387 /Library/Frameworks/Python.framework/Versions/2.7/lib/python2.7/site-packages/psiturk/psiturk_js/psiturk.js
2014-05-21 21:44:28 [3873] [CRITICAL] WORKER TIMEOUT (pid:5069)
2014-05-21 21:44:28 [3873] [CRITICAL] WORKER TIMEOUT (pid:5070)
2014-05-21 21:44:28 [3873] [CRITICAL] WORKER TIMEOUT (pid:5071)
2014-05-21 21:44:28 [3873] [CRITICAL] WORKER TIMEOUT (pid:5072)
2014-05-21 21:44:28 [3873] [CRITICAL] WORKER TIMEOUT (pid:5073)
2014-05-21 21:44:28 [3873] [CRITICAL] WORKER TIMEOUT (pid:5074)
2014-05-21 21:44:28 [3873] [CRITICAL] WORKER TIMEOUT (pid:5075)
2014-05-21 21:44:28 [3873] [CRITICAL] WORKER TIMEOUT (pid:5076)
2014-05-21 21:44:28 [3873] [CRITICAL] WORKER TIMEOUT (pid:5077)
2014-05-21 21:44:28 [3873] [CRITICAL] WORKER TIMEOUT (pid:5072)
2014-05-21 21:44:28 [3873] [CRITICAL] WORKER TIMEOUT (pid:5073)
2014-05-21 21:44:28 [3873] [CRITICAL] WORKER TIMEOUT (pid:5074)
2014-05-21 21:44:28 [3873] [CRITICAL] WORKER TIMEOUT (pid:5075)
2014-05-21 21:44:28 [3873] [CRITICAL] WORKER TIMEOUT (pid:5076)
2014-05-21 21:44:28 [3873] [CRITICAL] WORKER TIMEOUT (pid:5077)
2014-05-21 21:44:30,110 /Library/Frameworks/Python.framework/Versions/2.7/lib/python2.7/site-packages/psiturk/psiturk_js/psiturk.js
2014-05-21 21:44:30,180 /Library/Frameworks/Python.framework/Versions/2.7/lib/python2.7/site-packages/psiturk/psiturk_js/psiturk.js
2014-05-21 21:44:30,265 /Library/Frameworks/Python.framework/Versions/2.7/lib/python2.7/site-packages/psiturk/psiturk_js/psiturk.js
2014-05-21 21:44:30,280 /Library/Frameworks/Python.framework/Versions/2.7/lib/python2.7/site-packages/psiturk/psiturk_js/psiturk.js
2014-05-21 21:44:30,293 /Library/Frameworks/Python.framework/Versions/2.7/lib/python2.7/site-packages/psiturk/psiturk_js/psiturk.js
2014-05-21 21:44:30,298 /Library/Frameworks/Python.framework/Versions/2.7/lib/python2.7/site-packages/psiturk/psiturk_js/psiturk.js
2014-05-21 21:44:30,302 /Library/Frameworks/Python.framework/Versions/2.7/lib/python2.7/site-packages/psiturk/psiturk_js/psiturk.js
2014-05-21 21:44:30,322 /Library/Frameworks/Python.framework/Versions/2.7/lib/python2.7/site-packages/psiturk/psiturk_js/psiturk.js
2014-05-21 21:44:30,324 /Library/Frameworks/Python.framework/Versions/2.7/lib/python2.7/site-packages/psiturk/psiturk_js/psiturk.js
2014-05-22 06:56:57,220 /Library/Frameworks/Python.framework/Versions/2.7/lib/python2.7/site-packages/psiturk/psiturk_js/psiturk.js
2014-05-22 06:56:57,220 /Library/Frameworks/Python.framework/Versions/2.7/lib/python2.7/site-packages/psiturk/psiturk_js/psiturk.js
2014-05-22 06:56:57,283 /Library/Frameworks/Python.framework/Versions/2.7/lib/python2.7/site-packages/psiturk/psiturk_js/psiturk.js
2014-05-22 06:56:57,340 /Library/Frameworks/Python.framework/Versions/2.7/lib/python2.7/site-packages/psiturk/psiturk_js/psiturk.js
2014-05-22 06:56:57,392 /Library/Frameworks/Python.framework/Versions/2.7/lib/python2.7/site-packages/psiturk/psiturk_js/psiturk.js
2014-05-22 06:56:57,405 /Library/Frameworks/Python.framework/Versions/2.7/lib/python2.7/site-packages/psiturk/psiturk_js/psiturk.js
2014-05-22 06:56:57,439 /Library/Frameworks/Python.framework/Versions/2.7/lib/python2.7/site-packages/psiturk/psiturk_js/psiturk.js
2014-05-22 06:56:57,444 /Library/Frameworks/Python.framework/Versions/2.7/lib/python2.7/site-packages/psiturk/psiturk_js/psiturk.js
2014-05-22 06:56:57,459 /Library/Frameworks/Python.framework/Versions/2.7/lib/python2.7/site-packages/psiturk/psiturk_js/psiturk.js
2014-06-27 23:12:34,453 /Library/Frameworks/Python.framework/Versions/2.7/lib/python2.7/site-packages/psiturk/psiturk_js/psiturk.js
2014-06-27 23:12:34,663 /Library/Frameworks/Python.framework/Versions/2.7/lib/python2.7/site-packages/psiturk/psiturk_js/psiturk.js
2014-06-27 23:12:34,830 /Library/Frameworks/Python.framework/Versions/2.7/lib/python2.7/site-packages/psiturk/psiturk_js/psiturk.js
2014-06-27 23:12:34,852 /Library/Frameworks/Python.framework/Versions/2.7/lib/python2.7/site-packages/psiturk/psiturk_js/psiturk.js
2014-06-27 23:12:34,852 /Library/Frameworks/Python.framework/Versions/2.7/lib/python2.7/site-packages/psiturk/psiturk_js/psiturk.js
2014-06-27 23:12:34,910 /Library/Frameworks/Python.framework/Versions/2.7/lib/python2.7/site-packages/psiturk/psiturk_js/psiturk.js
2014-06-27 23:12:34,922 /Library/Frameworks/Python.framework/Versions/2.7/lib/python2.7/site-packages/psiturk/psiturk_js/psiturk.js
2014-06-27 23:12:34,925 /Library/Frameworks/Python.framework/Versions/2.7/lib/python2.7/site-packages/psiturk/psiturk_js/psiturk.js
2014-06-27 23:12:34,935 /Library/Frameworks/Python.framework/Versions/2.7/lib/python2.7/site-packages/psiturk/psiturk_js/psiturk.js
